{
  "0 debug pnpm:scope": {
    "selected": 1,
    "workspacePrefix": "/home/sebasjm/github/commerce"
  },
  "1 error pnpm": {
    "code": "ELIFECYCLE",
    "errno": "ENOENT",
    "syscall": "spawn",
    "file": "sh",
    "pkgid": "@vercel/commerce-local@0.0.1",
    "stage": "dev",
    "script": "taskr",
    "pkgname": "@vercel/commerce-local",
    "err": {
      "name": "pnpm",
      "message": "@vercel/commerce-local@0.0.1 dev: `taskr`\nspawn ENOENT",
      "code": "ELIFECYCLE",
      "stack": "pnpm: @vercel/commerce-local@0.0.1 dev: `taskr`\nspawn ENOENT\n    at ChildProcess.<anonymous> (/opt/node-v16.14.0-linux-x64/lib/node_modules/pnpm/dist/pnpm.cjs:94974:22)\n    at ChildProcess.emit (node:events:520:28)\n    at maybeClose (node:internal/child_process:1092:16)\n    at Process.ChildProcess._handle.onexit (node:internal/child_process:302:5)"
    }
  },
  "2 warn pnpm:global": " Local package.json exists, but node_modules missing, did you mean to install?"
}